# JRE version: OpenJDK Runtime Environment Temurin-17.0.10+7 (17.0.10+7) (build 17.0.10+7)
# Java VM: OpenJDK 64-Bit Server VM Temurin-17.0.10+7 (17.0.10+7, mixed mode, emulated-client, tiered, compressed oops, compressed class ptrs, g1 gc, windows-amd64)
GC Precious Log:
 CPUs: 4 total, 4 available
 Memory: 16343M
 Large Page Support: Disabled
 NUMA Support: Disabled
 Compressed Oops: Enabled (32-bit)
 Heap Region Size: 1M
 Heap Min Capacity: 8M
 Heap Initial Capacity: 256M
 Heap Max Capacity: 1G
 Pre-touch: Disabled
 Parallel Workers: 4
 Concurrent Workers: 1
 Concurrent Refinement Workers: 4
 Periodic GC: Disabled
Heap:
 garbage-first heap   total 92160K, used 39147K [0x00000000c0000000, 0x0000000100000000)
  region size 1024K, 1 young (1024K), 0 survivors (0K)
 Metaspace       used 57974K, committed 58688K, reserved 1114112K
  class space    used 7183K, committed 7488K, reserved 1048576K
GC Heap History (20 events):
Event: 7147.715 GC heap before
{Heap before GC invocations=688 (full 669):
 garbage-first heap   total 92160K, used 49200K [0x00000000c0000000, 0x0000000100000000)
  region size 1024K, 11 young (11264K), 0 survivors (0K)
 Metaspace       used 57979K, committed 58688K, reserved 1114112K
  class space    used 7185K, committed 7488K, reserved 1048576K
}
Event: 7147.760 GC heap after
{Heap after GC invocations=689 (full 670):
 garbage-first heap   total 92160K, used 39708K [0x00000000c0000000, 0x0000000100000000)
  region size 1024K, 0 young (0K), 0 survivors (0K)
 Metaspace       used 57979K, committed 58688K, reserved 1114112K
  class space    used 7185K, committed 7488K, reserved 1048576K
}
Event: 7158.475 GC heap before
{Heap before GC invocations=689 (full 670):
 garbage-first heap   total 92160K, used 39708K [0x00000000c0000000, 0x0000000100000000)
  region size 1024K, 1 young (1024K), 0 survivors (0K)
 Metaspace       used 57979K, committed 58688K, reserved 1114112K
  class space    used 7185K, committed 7488K, reserved 1048576K
}
Event: 7158.932 GC heap after
{Heap after GC invocations=690 (full 671):
 garbage-first heap   total 92160K, used 39149K [0x00000000c0000000, 0x0000000100000000)
  region size 1024K, 0 young (0K), 0 survivors (0K)
 Metaspace       used 57974K, committed 58688K, reserved 1114112K
  class space    used 7183K, committed 7488K, reserved 1048576K
}
Event: 7169.343 GC heap before
{Heap before GC invocations=690 (full 671):
 garbage-first heap   total 92160K, used 39149K [0x00000000c0000000, 0x0000000100000000)
  region size 1024K, 1 young (1024K), 0 survivors (0K)
 Metaspace       used 57974K, committed 58688K, reserved 1114112K
  class space    used 7183K, committed 7488K, reserved 1048576K
}
Event: 7169.394 GC heap after
{Heap after GC invocations=691 (full 672):
 garbage-first heap   total 92160K, used 39149K [0x00000000c0000000, 0x0000000100000000)
  region size 1024K, 0 young (0K), 0 survivors (0K)
 Metaspace       used 57974K, committed 58688K, reserved 1114112K
  class space    used 7183K, committed 7488K, reserved 1048576K
}
Event: 7179.662 GC heap before
{Heap before GC invocations=691 (full 672):
 garbage-first heap   total 92160K, used 39149K [0x00000000c0000000, 0x0000000100000000)
  region size 1024K, 1 young (1024K), 0 survivors (0K)
 Metaspace       used 57974K, committed 58688K, reserved 1114112K
  class space    used 7183K, committed 7488K, reserved 1048576K
}
Event: 7179.698 GC heap after
{Heap after GC invocations=692 (full 673):
 garbage-first heap   total 92160K, used 39147K [0x00000000c0000000, 0x0000000100000000)
  region size 1024K, 0 young (0K), 0 survivors (0K)
 Metaspace       used 57974K, committed 58688K, reserved 1114112K
  class space    used 7183K, committed 7488K, reserved 1048576K
}
Event: 7191.003 GC heap before
{Heap before GC invocations=692 (full 673):
 garbage-first heap   total 92160K, used 39147K [0x00000000c0000000, 0x0000000100000000)
  region size 1024K, 1 young (1024K), 0 survivors (0K)
 Metaspace       used 57974K, committed 58688K, reserved 1114112K
  class space    used 7183K, committed 7488K, reserved 1048576K
}
Event: 7191.037 GC heap after
{Heap after GC invocations=693 (full 674):
 garbage-first heap   total 92160K, used 39147K [0x00000000c0000000, 0x0000000100000000)
  region size 1024K, 0 young (0K), 0 survivors (0K)
 Metaspace       used 57974K, committed 58688K, reserved 1114112K
  class space    used 7183K, committed 7488K, reserved 1048576K
}
Event: 7201.267 GC heap before
{Heap before GC invocations=693 (full 674):
 garbage-first heap   total 92160K, used 39147K [0x00000000c0000000, 0x0000000100000000)
  region size 1024K, 1 young (1024K), 0 survivors (0K)
 Metaspace       used 57974K, committed 58688K, reserved 1114112K
  class space    used 7183K, committed 7488K, reserved 1048576K
}
Event: 7201.294 GC heap after
{Heap after GC invocations=694 (full 675):
 garbage-first heap   total 92160K, used 39147K [0x00000000c0000000, 0x0000000100000000)
  region size 1024K, 0 young (0K), 0 survivors (0K)
 Metaspace       used 57974K, committed 58688K, reserved 1114112K
  class space    used 7183K, committed 7488K, reserved 1048576K
}
Event: 7211.498 GC heap before
{Heap before GC invocations=694 (full 675):
 garbage-first heap   total 92160K, used 39147K [0x00000000c0000000, 0x0000000100000000)
  region size 1024K, 1 young (1024K), 0 survivors (0K)
 Metaspace       used 57974K, committed 58688K, reserved 1114112K
  class space    used 7183K, committed 7488K, reserved 1048576K
}
Event: 7211.523 GC heap after
{Heap after GC invocations=695 (full 676):
 garbage-first heap   total 92160K, used 39147K [0x00000000c0000000, 0x0000000100000000)
  region size 1024K, 0 young (0K), 0 survivors (0K)
 Metaspace       used 57974K, committed 58688K, reserved 1114112K
  class space    used 7183K, committed 7488K, reserved 1048576K
}
Event: 7221.693 GC heap before
{Heap before GC invocations=695 (full 676):
 garbage-first heap   total 92160K, used 39147K [0x00000000c0000000, 0x0000000100000000)
  region size 1024K, 1 young (1024K), 0 survivors (0K)
 Metaspace       used 57974K, committed 58688K, reserved 1114112K
  class space    used 7183K, committed 7488K, reserved 1048576K
}
Event: 7221.723 GC heap after
{Heap after GC invocations=696 (full 677):
 garbage-first heap   total 92160K, used 39147K [0x00000000c0000000, 0x0000000100000000)
  region size 1024K, 0 young (0K), 0 survivors (0K)
 Metaspace       used 57974K, committed 58688K, reserved 1114112K
  class space    used 7183K, committed 7488K, reserved 1048576K
}
Event: 7231.917 GC heap before
{Heap before GC invocations=696 (full 677):
 garbage-first heap   total 92160K, used 39147K [0x00000000c0000000, 0x0000000100000000)
  region size 1024K, 1 young (1024K), 0 survivors (0K)
 Metaspace       used 57974K, committed 58688K, reserved 1114112K
  class space    used 7183K, committed 7488K, reserved 1048576K
}
Event: 7231.955 GC heap after
{Heap after GC invocations=697 (full 678):
 garbage-first heap   total 92160K, used 39147K [0x00000000c0000000, 0x0000000100000000)
  region size 1024K, 0 young (0K), 0 survivors (0K)
 Metaspace       used 57974K, committed 58688K, reserved 1114112K
  class space    used 7183K, committed 7488K, reserved 1048576K
}
Event: 7242.128 GC heap before
{Heap before GC invocations=697 (full 678):
 garbage-first heap   total 92160K, used 39147K [0x00000000c0000000, 0x0000000100000000)
  region size 1024K, 1 young (1024K), 0 survivors (0K)
 Metaspace       used 57974K, committed 58688K, reserved 1114112K
  class space    used 7183K, committed 7488K, reserved 1048576K
}
Event: 7242.154 GC heap after
{Heap after GC invocations=698 (full 679):
 garbage-first heap   total 92160K, used 39147K [0x00000000c0000000, 0x0000000100000000)
  region size 1024K, 0 young (0K), 0 survivors (0K)
 Metaspace       used 57974K, committed 58688K, reserved 1114112K
  class space    used 7183K, committed 7488K, reserved 1048576K
}

